Log file open, 05/08/18 12:19:12
LogWindows: Failed to load 'aqProf.dll' (GetLastError=126)
LogWindows: File 'aqProf.dll' does not exist
LogWindows: Failed to load 'VSPerf140.dll' (GetLastError=126)
LogWindows: File 'VSPerf140.dll' does not exist
LogWindows: Failed to load 'VtuneApi.dll' (GetLastError=126)
LogWindows: File 'VtuneApi.dll' does not exist
LogWindows: Failed to load 'VtuneApi32e.dll' (GetLastError=126)
LogWindows: File 'VtuneApi32e.dll' does not exist
LogInit: Display: Running engine for game: Stuff
LogPlatformFile: Not using cached read wrapper
LogInit: Display: RandInit(-1167876758) SRandInit(-1167876758).
LogInit: Read version file with build ID '3709383'
LogInit: Overriding engine version to CL 3832480, compatible CL 3709383
LogInit: Registered custom module enumerator with build ID '3709383'
LogTaskGraph: Started task graph with 5 named threads and 14 total threads with 3 sets of task threads.
LogStats: Stats thread started at 0.164675
LogD3D11RHI: Aftermath initialized
LogModuleManager: Display: Found up-to-date module file ../../../Engine/Plugins/2D/Paper2D/Binaries/Win64/UE4Editor-Paper2D.dll (API version 3709383).
LogModuleManager: Display: Found up-to-date module file ../../../Engine/Plugins/2D/Paper2D/Binaries/Win64/UE4Editor-Paper2DEditor.dll (API version 3709383).
LogModuleManager: Display: Found up-to-date module file ../../../Engine/Plugins/2D/Paper2D/Binaries/Win64/UE4Editor-PaperSpriteSheetImporter.dll (API version 3709383).
LogModuleManager: Display: Found up-to-date module file ../../../Engine/Plugins/2D/Paper2D/Binaries/Win64/UE4Editor-PaperTiledImporter.dll (API version 3709383).
LogModuleManager: Display: Found up-to-date module file ../../../Engine/Plugins/2D/Paper2D/Binaries/Win64/UE4Editor-SmartSnapping.dll (API version 3709383).
LogModuleManager: Display: Found up-to-date module file ../../../Engine/Plugins/Blendables/LightPropagationVolume/Binaries/Win64/UE4Editor-LightPropagationVolumeRuntime.dll (API version 3709383).
LogModuleManager: Display: Found up-to-date module file ../../../Engine/Plugins/Blendables/LightPropagationVolume/Binaries/Win64/UE4Editor-LightPropagationVolumeEditor.dll (API version 3709383).
LogModuleManager: Display: Found up-to-date module file ../../../Engine/Plugins/Developer/GitSourceControl/Binaries/Win64/UE4Editor-GitSourceControl.dll (API version 3709383).
LogModuleManager: Display: Found up-to-date module file ../../../Engine/Plugins/Developer/PerforceSourceControl/Binaries/Win64/UE4Editor-PerforceSourceControl.dll (API version 3709383).
LogModuleManager: Display: Found up-to-date module file ../../../Engine/Plugins/Developer/SubversionSourceControl/Binaries/Win64/UE4Editor-SubversionSourceControl.dll (API version 3709383).
LogModuleManager: Display: Found up-to-date module file ../../../Engine/Plugins/Developer/UObjectPlugin/Binaries/Win64/UE4Editor-UObjectPlugin.dll (API version 3709383).
LogModuleManager: Display: Found up-to-date module file ../../../Engine/Plugins/Developer/VisualStudioCodeSourceCodeAccess/Binaries/Win64/UE4Editor-VisualStudioCodeSourceCodeAccess.dll (API version 3709383).
LogModuleManager: Display: Found up-to-date module file ../../../Engine/Plugins/Developer/VisualStudioSourceCodeAccess/Binaries/Win64/UE4Editor-VisualStudioSourceCodeAccess.dll (API version 3709383).
LogModuleManager: Display: Found up-to-date module file ../../../Engine/Plugins/Editor/AssetManagerEditor/Binaries/Win64/UE4Editor-AssetManagerEditor.dll (API version 3709383).
LogModuleManager: Display: Found up-to-date module file ../../../Engine/Plugins/Editor/AudioCapture/Binaries/Win64/UE4Editor-AudioCapture.dll (API version 3709383).
LogModuleManager: Display: Found up-to-date module file ../../../Engine/Plugins/Editor/FacialAnimation/Binaries/Win64/UE4Editor-FacialAnimation.dll (API version 3709383).
LogModuleManager: Display: Found up-to-date module file ../../../Engine/Plugins/Editor/FacialAnimation/Binaries/Win64/UE4Editor-FacialAnimationEditor.dll (API version 3709383).
LogModuleManager: Display: Found up-to-date module file ../../../Engine/Plugins/Editor/GameplayTagsEditor/Binaries/Win64/UE4Editor-GameplayTagsEditor.dll (API version 3709383).
LogModuleManager: Display: Found up-to-date module file ../../../Engine/Plugins/Editor/MobileLauncherProfileWizard/Binaries/Win64/UE4Editor-MobileLauncherProfileWizard.dll (API version 3709383).
LogModuleManager: Display: Found up-to-date module file ../../../Engine/Plugins/Editor/PluginBrowser/Binaries/Win64/UE4Editor-PluginBrowser.dll (API version 3709383).
LogModuleManager: Display: Found up-to-date module file ../../../Engine/Plugins/Editor/SpeedTreeImporter/Binaries/Win64/UE4Editor-SpeedTreeImporter.dll (API version 3709383).
LogModuleManager: Display: Found up-to-date module file ../../../Engine/Plugins/Experimental/AlembicImporter/Binaries/Win64/UE4Editor-AlembicImporter.dll (API version 3709383).
LogModuleManager: Display: Found up-to-date module file ../../../Engine/Plugins/Experimental/AlembicImporter/Binaries/Win64/UE4Editor-AlembicLibrary.dll (API version 3709383).
LogModuleManager: Display: Found up-to-date module file ../../../Engine/Plugins/Experimental/CharacterAI/Binaries/Win64/UE4Editor-CharacterAI.dll (API version 3709383).
LogModuleManager: Display: Found up-to-date module file ../../../Engine/Plugins/Experimental/HTML5Networking/Binaries/Win64/UE4Editor-HTML5Networking.dll (API version 3709383).
LogModuleManager: Display: Found up-to-date module file ../../../Engine/Plugins/Media/AndroidMedia/Binaries/Win64/UE4Editor-AndroidMediaEditor.dll (API version 3709383).
LogModuleManager: Display: Found up-to-date module file ../../../Engine/Plugins/Media/AndroidMedia/Binaries/Win64/UE4Editor-AndroidMediaFactory.dll (API version 3709383).
LogModuleManager: Display: Found up-to-date module file ../../../Engine/Plugins/Media/AvfMedia/Binaries/Win64/UE4Editor-AvfMediaEditor.dll (API version 3709383).
LogModuleManager: Display: Found up-to-date module file ../../../Engine/Plugins/Media/AvfMedia/Binaries/Win64/UE4Editor-AvfMediaFactory.dll (API version 3709383).
LogModuleManager: Display: Found up-to-date module file ../../../Engine/Plugins/Media/AvfMedia/Binaries/Win64/UE4Editor-AvfMediaFactory.dll (API version 3709383).
LogModuleManager: Display: Found up-to-date module file ../../../Engine/Plugins/Media/ImgMedia/Binaries/Win64/UE4Editor-ImgMedia.dll (API version 3709383).
LogModuleManager: Display: Found up-to-date module file ../../../Engine/Plugins/Media/ImgMedia/Binaries/Win64/UE4Editor-ImgMediaEditor.dll (API version 3709383).
LogModuleManager: Display: Found up-to-date module file ../../../Engine/Plugins/Media/ImgMedia/Binaries/Win64/UE4Editor-ImgMediaFactory.dll (API version 3709383).
LogModuleManager: Display: Found up-to-date module file ../../../Engine/Plugins/Media/ImgMedia/Binaries/Win64/UE4Editor-ImgMediaFactory.dll (API version 3709383).
LogModuleManager: Display: Found up-to-date module file ../../../Engine/Plugins/Media/ImgMedia/Binaries/Win64/UE4Editor-OpenExrWrapper.dll (API version 3709383).
LogModuleManager: Display: Found up-to-date module file ../../../Engine/Plugins/Media/MediaCompositing/Binaries/Win64/UE4Editor-MediaCompositing.dll (API version 3709383).
LogModuleManager: Display: Found up-to-date module file ../../../Engine/Plugins/Media/MediaCompositing/Binaries/Win64/UE4Editor-MediaCompositingEditor.dll (API version 3709383).
LogModuleManager: Display: Found up-to-date module file ../../../Engine/Plugins/Media/MediaPlayerEditor/Binaries/Win64/UE4Editor-MediaPlayerEditor.dll (API version 3709383).
LogModuleManager: Display: Found up-to-date module file ../../../Engine/Plugins/Media/WmfMedia/Binaries/Win64/UE4Editor-WmfMedia.dll (API version 3709383).
LogModuleManager: Display: Found up-to-date module file ../../../Engine/Plugins/Media/WmfMedia/Binaries/Win64/UE4Editor-WmfMediaEditor.dll (API version 3709383).
LogModuleManager: Display: Found up-to-date module file ../../../Engine/Plugins/Media/WmfMedia/Binaries/Win64/UE4Editor-WmfMediaFactory.dll (API version 3709383).
LogModuleManager: Display: Found up-to-date module file ../../../Engine/Plugins/Media/WmfMedia/Binaries/Win64/UE4Editor-WmfMediaFactory.dll (API version 3709383).
LogModuleManager: Display: Found up-to-date module file ../../../Engine/Plugins/Messaging/TcpMessaging/Binaries/Win64/UE4Editor-TcpMessaging.dll (API version 3709383).
LogModuleManager: Display: Found up-to-date module file ../../../Engine/Plugins/Messaging/UdpMessaging/Binaries/Win64/UE4Editor-UdpMessaging.dll (API version 3709383).
LogModuleManager: Display: Found up-to-date module file ../../../Engine/Plugins/MovieScene/ActorSequence/Binaries/Win64/UE4Editor-ActorSequence.dll (API version 3709383).
LogModuleManager: Display: Found up-to-date module file ../../../Engine/Plugins/MovieScene/LevelSequenceEditor/Binaries/Win64/UE4Editor-LevelSequenceEditor.dll (API version 3709383).
LogModuleManager: Display: Found up-to-date module file ../../../Engine/Plugins/MovieScene/MatineeToLevelSequence/Binaries/Win64/UE4Editor-MatineeToLevelSequence.dll (API version 3709383).
LogModuleManager: Display: Found up-to-date module file ../../../Engine/Plugins/Online/OnlineSubsystem/Binaries/Win64/UE4Editor-OnlineSubsystem.dll (API version 3709383).
LogModuleManager: Display: Found up-to-date module file ../../../Engine/Plugins/Runtime/AndroidPermission/Binaries/Win64/UE4Editor-AndroidPermission.dll (API version 3709383).
LogModuleManager: Display: Found up-to-date module file ../../../Engine/Plugins/Online/OnlineSubsystemNull/Binaries/Win64/UE4Editor-OnlineSubsystemNull.dll (API version 3709383).
LogModuleManager: Display: Found up-to-date module file ../../../Engine/Plugins/Online/OnlineSubsystemUtils/Binaries/Win64/UE4Editor-OnlineSubsystemUtils.dll (API version 3709383).
LogModuleManager: Display: Found up-to-date module file ../../../Engine/Plugins/Online/OnlineSubsystemUtils/Binaries/Win64/UE4Editor-OnlineBlueprintSupport.dll (API version 3709383).
LogModuleManager: Display: Found up-to-date module file ../../../Engine/Plugins/Runtime/AndroidDeviceProfileSelector/Binaries/Win64/UE4Editor-AndroidDeviceProfileSelector.dll (API version 3709383).
LogModuleManager: Display: Found up-to-date module file ../../../Engine/Plugins/Runtime/AppleARKit/Binaries/Win64/UE4Editor-AppleARKit.dll (API version 3709383).
LogModuleManager: Display: Found up-to-date module file ../../../Engine/Plugins/Runtime/ArchVisCharacter/Binaries/Win64/UE4Editor-ArchVisCharacter.dll (API version 3709383).
LogModuleManager: Display: Found up-to-date module file ../../../Engine/Plugins/Runtime/CableComponent/Binaries/Win64/UE4Editor-CableComponent.dll (API version 3709383).
LogModuleManager: Display: Found up-to-date module file ../../../Engine/Plugins/Runtime/CustomMeshComponent/Binaries/Win64/UE4Editor-CustomMeshComponent.dll (API version 3709383).
LogModuleManager: Display: Found up-to-date module file ../../../Engine/Plugins/Runtime/ExampleDeviceProfileSelector/Binaries/Win64/UE4Editor-ExampleDeviceProfileSelector.dll (API version 3709383).
LogModuleManager: Display: Found up-to-date module file ../../../Engine/Plugins/Runtime/ImmediatePhysics/Binaries/Win64/UE4Editor-ImmediatePhysics.dll (API version 3709383).
LogModuleManager: Display: Found up-to-date module file ../../../Engine/Plugins/Runtime/ImmediatePhysics/Binaries/Win64/UE4Editor-ImmediatePhysicsEditor.dll (API version 3709383).
LogModuleManager: Display: Found up-to-date module file ../../../Engine/Plugins/Runtime/LocationServicesBPLibrary/Binaries/Win64/UE4Editor-LocationServicesBPLibrary.dll (API version 3709383).
LogModuleManager: Display: Found up-to-date module file ../../../Engine/Plugins/Runtime/MobilePatchingUtils/Binaries/Win64/UE4Editor-MobilePatchingUtils.dll (API version 3709383).
LogModuleManager: Display: Found up-to-date module file ../../../Engine/Plugins/Runtime/Oculus/OculusVR/Binaries/Win64/UE4Editor-OculusHMD.dll (API version 3709383).
LogModuleManager: Display: Found up-to-date module file ../../../Engine/Plugins/Runtime/Oculus/OculusVR/Binaries/Win64/UE4Editor-OculusInput.dll (API version 3709383).
LogModuleManager: Display: Found up-to-date module file ../../../Engine/Plugins/Runtime/Oculus/OculusVR/Binaries/Win64/UE4Editor-OculusEditor.dll (API version 3709383).
LogModuleManager: Display: Found up-to-date module file ../../../Engine/Plugins/Runtime/PhysXVehicles/Binaries/Win64/UE4Editor-PhysXVehicles.dll (API version 3709383).
LogModuleManager: Display: Found up-to-date module file ../../../Engine/Plugins/Runtime/PhysXVehicles/Binaries/Win64/UE4Editor-PhysXVehiclesEditor.dll (API version 3709383).
LogModuleManager: Display: Found up-to-date module file ../../../Engine/Plugins/Runtime/ProceduralMeshComponent/Binaries/Win64/UE4Editor-ProceduralMeshComponent.dll (API version 3709383).
LogModuleManager: Display: Found up-to-date module file ../../../Engine/Plugins/Runtime/ProceduralMeshComponent/Binaries/Win64/UE4Editor-ProceduralMeshComponentEditor.dll (API version 3709383).
LogModuleManager: Display: Found up-to-date module file ../../../Engine/Plugins/Runtime/RuntimePhysXCooking/Binaries/Win64/UE4Editor-RuntimePhysXCooking.dll (API version 3709383).
LogModuleManager: Display: Found up-to-date module file ../../../Engine/Plugins/Runtime/Steam/SteamVR/Binaries/Win64/UE4Editor-SteamVR.dll (API version 3709383).
LogModuleManager: Display: Found up-to-date module file ../../../Engine/Plugins/Runtime/Steam/SteamVR/Binaries/Win64/UE4Editor-SteamVRController.dll (API version 3709383).
LogModuleManager: Display: Found up-to-date module file ../../../Engine/Plugins/Runtime/WindowsMoviePlayer/Binaries/Win64/UE4Editor-WindowsMoviePlayer.dll (API version 3709383).
LogPluginManager: Mounting plugin Paper2D
LogPluginManager: Mounting plugin LightPropagationVolume
LogPluginManager: Mounting plugin CodeLiteSourceCodeAccess
LogPluginManager: Mounting plugin GitSourceControl
LogPluginManager: Mounting plugin KDevelopSourceCodeAccess
LogPluginManager: Mounting plugin NullSourceCodeAccess
LogPluginManager: Mounting plugin PerforceSourceControl
LogPluginManager: Mounting plugin SubversionSourceControl
LogPluginManager: Mounting plugin UObjectPlugin
LogPluginManager: Mounting plugin VisualStudioCodeSourceCodeAccess
LogPluginManager: Mounting plugin VisualStudioSourceCodeAccess
LogPluginManager: Mounting plugin XCodeSourceCodeAccess
LogPluginManager: Mounting plugin AssetManagerEditor
LogPluginManager: Mounting plugin AudioCapture
LogPluginManager: Mounting plugin FacialAnimation
LogPluginManager: Mounting plugin GameplayTagsEditor
LogPluginManager: Mounting plugin MobileLauncherProfileWizard
LogPluginManager: Mounting plugin PluginBrowser
LogPluginManager: Mounting plugin SpeedTreeImporter
LogPluginManager: Mounting plugin AlembicImporter
LogPluginManager: Mounting plugin CharacterAI
LogPluginManager: Mounting plugin HTML5Networking
LogPluginManager: Mounting plugin AndroidMedia
LogPluginManager: Mounting plugin AvfMedia
LogPluginManager: Mounting plugin ImgMedia
LogPluginManager: Mounting plugin MediaCompositing
LogPluginManager: Mounting plugin MediaPlayerEditor
LogPluginManager: Mounting plugin WmfMedia
LogPluginManager: Mounting plugin TcpMessaging
LogPluginManager: Mounting plugin UdpMessaging
LogPluginManager: Mounting plugin ActorSequence
LogPluginManager: Mounting plugin LevelSequenceEditor
LogPluginManager: Mounting plugin MatineeToLevelSequence
LogPluginManager: Mounting plugin OnlineSubsystemGooglePlay
LogPluginManager: Mounting plugin OnlineSubsystemIOS
LogPluginManager: Mounting plugin OnlineSubsystem
LogPluginManager: Mounting plugin OnlineSubsystemNull
LogPluginManager: Mounting plugin OnlineSubsystemUtils
LogPluginManager: Mounting plugin AndroidDeviceProfileSelector
LogPluginManager: Mounting plugin AndroidMoviePlayer
LogPluginManager: Mounting plugin AndroidPermission
LogPluginManager: Mounting plugin AppleARKit
LogPluginManager: Mounting plugin AppleMoviePlayer
LogPluginManager: Mounting plugin ArchVisCharacter
LogPluginManager: Mounting plugin CableComponent
LogPluginManager: Mounting plugin CustomMeshComponent
LogPluginManager: Mounting plugin ExampleDeviceProfileSelector
LogPluginManager: Mounting plugin GoogleCloudMessaging
LogPluginManager: Mounting plugin ImmediatePhysics
LogPluginManager: Mounting plugin IOSDeviceProfileSelector
LogPluginManager: Mounting plugin LinuxDeviceProfileSelector
LogPluginManager: Mounting plugin LocationServicesBPLibrary
LogPluginManager: Mounting plugin MobilePatchingUtils
LogPluginManager: Mounting plugin OculusVR
LogPluginManager: Plugin shader directory ../../../Engine/Plugins/Runtime/Oculus/OculusVR/Shaders found
LogPluginManager: Mapping shader source directory ../../../Engine/Plugins/Runtime/Oculus/OculusVR/Shaders to virtual directory /Plugin/OculusVR
LogPluginManager: Mounting plugin PhysXVehicles
LogPluginManager: Mounting plugin ProceduralMeshComponent
LogPluginManager: Mounting plugin RuntimePhysXCooking
LogPluginManager: Mounting plugin SteamVR
LogPluginManager: Mounting plugin WindowsMoviePlayer
LogInit: Using libcurl 7.47.1
LogInit:  - built for x86_64-pc-win32
LogInit:  - supports SSL with OpenSSL/1.0.2g
LogInit:  - supports HTTP deflate (compression) using libz 1.2.8
LogInit:  - other features:
LogInit:      CURL_VERSION_SSL
LogInit:      CURL_VERSION_LIBZ
LogInit:      CURL_VERSION_IPV6
LogInit:      CURL_VERSION_ASYNCHDNS
LogInit:      CURL_VERSION_LARGEFILE
LogInit:      CURL_VERSION_IDN
LogInit:  CurlRequestOptions (configurable via config and command line):
LogInit:  - bVerifyPeer = false  - Libcurl will NOT verify peer certificate
LogInit:  - bUseHttpProxy = true  - Libcurl will use HTTP proxy
LogInit:  - HttpProxyAddress = '127.0.0.1:53404'
LogInit:  - bDontReuseConnections = false  - Libcurl will reuse connections
LogInit:  - CertBundlePath = nullptr  - Libcurl will use whatever was configured at build time.
LogInit: Build: ++UE4+Release-4.18-CL-3832480
LogInit: Engine Version: 4.18.3-3832480+++UE4+Release-4.18
LogInit: Compatible Engine Version: 4.18.0-3709383+++UE4+Release-4.18
LogInit: Net CL: 3709383
LogDevObjectVersion: Number of dev versions registered: 16
LogDevObjectVersion:   Dev-Blueprints (B0D832E4-1F89-4F0D-ACCF-7EB736FD4AA2): 10
LogDevObjectVersion:   Dev-Build (E1C64328-A22C-4D53-A36C-8E866417BD8C): 0
LogDevObjectVersion:   Dev-Core (375EC13C-06E4-48FB-B500-84F0262A717E): 2
LogDevObjectVersion:   Dev-Editor (E4B068ED-F494-42E9-A231-DA0B2E46BB41): 20
LogDevObjectVersion:   Dev-Framework (CFFC743F-43B0-4480-9391-14DF171D2073): 30
LogDevObjectVersion:   Dev-Mobile (B02B49B5-BB20-44E9-A304-32B752E40360): 0
LogDevObjectVersion:   Dev-Networking (A4E4105C-59A1-49B5-A7C5-40C4547EDFEE): 0
LogDevObjectVersion:   Dev-Online (39C831C9-5AE6-47DC-9A44-9C173E1C8E7C): 0
LogDevObjectVersion:   Dev-Physics (78F01B33-EBEA-4F98-B9B4-84EACCB95AA2): 0
LogDevObjectVersion:   Dev-Platform (6631380F-2D4D-43E0-8009-CF276956A95A): 0
LogDevObjectVersion:   Dev-Rendering (12F88B9F-8875-4AFC-A67C-D90C383ABD29): 20
LogDevObjectVersion:   Dev-Sequencer (7B5AE74C-D270-4C10-A958-57980B212A5A): 4
LogDevObjectVersion:   Dev-VR (D7296918-1DD6-4BDD-9DE2-64A83CC13884): 0
LogDevObjectVersion:   Dev-LoadTimes (C2A15278-BFE7-4AFE-6C17-90FF531DF755): 1
LogDevObjectVersion:   Private-Geometry (6EACA3D4-40EC-4CC1-B786-8BED09428FC5): 1
LogDevObjectVersion:   Dev-AnimPhys (29E575DD-E0A3-4627-9D10-D276232CDCEA): 12
LogInit: Compiled (64-bit): Jan 12 2018 02:04:55
LogInit: Compiled with Visual C++: 19.00.24215.01
LogInit: Build Configuration: Development
LogInit: Branch Name: ++UE4+Release-4.18
LogInit: Command line: -EpicPortal 
LogInit: Base directory: C:/Users/1880105.NT_DOMAIN/Desktop/UE_4.18/Engine/Binaries/Win64/
LogInit: Installed Engine Build: 1
LogInit: Presizing for max 8388607 objects, including 0 objects not considered by GC, pre-allocating 0 bytes for permanent pool.
LogInit: Object subsystem initialized
[2018.05.08-16.19.13:970][  0]LogInit: Selected Device Profile: [Windows]
[2018.05.08-16.19.13:970][  0]LogInit: Applying CVar settings loaded from the selected device profile: [Windows]
[2018.05.08-16.19.14:001][  0]LogInit: Computer: JMH-RM116-06
[2018.05.08-16.19.14:001][  0]LogInit: User: 1880105
[2018.05.08-16.19.14:001][  0]LogInit: CPU Page size=4096, Cores=4
[2018.05.08-16.19.14:001][  0]LogInit: High frequency timer resolution =2.922968 MHz
[2018.05.08-16.19.14:002][  0]LogMemory: Memory total: Physical=7.9GB (8GB approx)
[2018.05.08-16.19.14:002][  0]LogMemory: Platform Memory Stats for Windows
[2018.05.08-16.19.14:002][  0]LogMemory: Process Physical Memory: 273.16 MB used, 273.16 MB peak
[2018.05.08-16.19.14:002][  0]LogMemory: Process Virtual Memory: 272.69 MB used, 272.69 MB peak
[2018.05.08-16.19.14:002][  0]LogMemory: Physical Memory: 2377.63 MB used,  5714.38 MB free, 8092.02 MB total
[2018.05.08-16.19.14:002][  0]LogMemory: Virtual Memory: 619.12 MB used,  5714.38 MB free, 8388608.00 MB total
[2018.05.08-16.19.14:139][  0]LogInit: Using OS detected language (en-US).
[2018.05.08-16.19.14:139][  0]LogInit: Using OS detected locale (en-US).
[2018.05.08-16.19.14:142][  0]LogTextLocalizationManager: No specific localization for 'en-US' exists, so the 'en' localization will be used.
[2018.05.08-16.19.14:597][  0]LogWindows: Failed to load 'shcore.dll' (GetLastError=126)
[2018.05.08-16.19.14:597][  0]LogWindows: File 'shcore.dll' does not exist
[2018.05.08-16.19.14:597][  0]LogInit: Setting process to DPI aware
[2018.05.08-16.19.14:600][  0]LogWindows: Failed to load 'shcore.dll' (GetLastError=126)
[2018.05.08-16.19.14:600][  0]LogWindows: File 'shcore.dll' does not exist
[2018.05.08-16.19.14:600][  0]LogInit: Setting process to DPI aware
[2018.05.08-16.19.14:816][  0]LogD3D11RHI: D3D11 adapters:
[2018.05.08-16.19.14:873][  0]LogD3D11RHI:    0. 'Intel(R) HD Graphics 4600' (Feature Level 11_0)
[2018.05.08-16.19.14:873][  0]LogD3D11RHI:       2092/0/3790 MB DedicatedVideo/DedicatedSystem/SharedSystem, Outputs:1, VendorId:0x8086
[2018.05.08-16.19.14:873][  0]LogD3D11RHI: Chosen D3D11 Adapter: 0
[2018.05.08-16.19.14:878][  0]LogD3D11RHI: Creating new Direct3DDevice
[2018.05.08-16.19.14:878][  0]LogD3D11RHI:     GPU DeviceId: 0x412 (for the marketing name, search the web for "GPU Device Id")
[2018.05.08-16.19.14:878][  0]LogWindows: EnumDisplayDevices:
[2018.05.08-16.19.14:879][  0]LogWindows:    0. 'Intel(R) HD Graphics 4600' (P:1 D:1)
[2018.05.08-16.19.14:879][  0]LogWindows:    1. 'Intel(R) HD Graphics 4600' (P:0 D:0)
[2018.05.08-16.19.14:879][  0]LogWindows:    2. 'Intel(R) HD Graphics 4600' (P:0 D:0)
[2018.05.08-16.19.14:879][  0]LogWindows:    3. 'Intel(R) HD Graphics 4600' (P:0 D:0)
[2018.05.08-16.19.14:879][  0]LogWindows:    4. 'RDPDD Chained DD' (P:0 D:0)
[2018.05.08-16.19.14:879][  0]LogWindows:    5. 'RDP Encoder Mirror Driver' (P:0 D:0)
[2018.05.08-16.19.14:879][  0]LogWindows:    6. 'RDP Reflector Display Driver' (P:0 D:0)
[2018.05.08-16.19.14:880][  0]LogWindows: DebugString: GetVideoDriverDetailsInvalid PrimaryIsNotTheChoosenAdapter GetVideoDriverDetailsInvalid PrimaryIsNotTheChoosenAdapter GetVideoDriverDetailsInvalid PrimaryIsNotTheChoosenAdapter FoundDriverCount:4 
[2018.05.08-16.19.14:880][  0]LogD3D11RHI:     Adapter Name: Intel(R) HD Graphics 4600
[2018.05.08-16.19.14:880][  0]LogD3D11RHI:   Driver Version: 10.18.14.4170 (internal:10.18.14.4170, unified:10.18.14.4170)
[2018.05.08-16.19.14:880][  0]LogD3D11RHI:      Driver Date: 3-16-2015
[2018.05.08-16.19.14:880][  0]LogRHI: Texture pool is 2791 MB (70% of 3987 MB)
[2018.05.08-16.19.14:895][  0]LogD3D11RHI: Async texture creation enabled
[2018.05.08-16.19.14:910][  0]LogD3D11RHI: GPU Timing Frequency: 27.000000 (Debug: 2 2)
[2018.05.08-16.19.14:910][  0]LogShaderCompilers: Guid format shader working directory is 12 characters bigger than the processId version (../../../../../Documents/Unreal Projects/Stuff/Intermediate/Shaders/WorkingDirectory/5300/).
[2018.05.08-16.19.14:910][  0]LogShaderCompilers: Cleaned the shader compiler working directory 'C:/Users/1880105.NT_DOMAIN/AppData/Local/Temp/UnrealShaderWorkingDir/34F1BC62458FC8903688E58990F0BB8B/'.
[2018.05.08-16.19.14:910][  0]LogShaderCompilers: Display: Using Local Shader Compiler.
[2018.05.08-16.19.15:824][  0]LogTemp: Display: Loaded TP AllDesktopTargetPlatform
[2018.05.08-16.19.15:873][  0]LogTemp: Display: Loaded TP MacClientTargetPlatform
[2018.05.08-16.19.15:922][  0]LogTemp: Display: Loaded TP MacNoEditorTargetPlatform
[2018.05.08-16.19.15:971][  0]LogTemp: Display: Loaded TP MacServerTargetPlatform
[2018.05.08-16.19.16:020][  0]LogTemp: Display: Loaded TP MacTargetPlatform
[2018.05.08-16.19.16:070][  0]LogTemp: Display: Loaded TP WindowsClientTargetPlatform
[2018.05.08-16.19.16:119][  0]LogTemp: Display: Loaded TP WindowsNoEditorTargetPlatform
[2018.05.08-16.19.16:168][  0]LogTemp: Display: Loaded TP WindowsServerTargetPlatform
[2018.05.08-16.19.16:211][  0]LogTemp: Display: Loaded TP WindowsTargetPlatform
[2018.05.08-16.19.16:258][  0]LogTemp: Display: Loaded TP Android_ASTCTargetPlatform
[2018.05.08-16.19.16:307][  0]LogTemp: Display: Loaded TP Android_ATCTargetPlatform
[2018.05.08-16.19.16:355][  0]LogTemp: Display: Loaded TP Android_DXTTargetPlatform
[2018.05.08-16.19.16:402][  0]LogTemp: Display: Loaded TP Android_ETC1TargetPlatform
[2018.05.08-16.19.16:449][  0]LogTemp: Display: Loaded TP Android_ETC2TargetPlatform
[2018.05.08-16.19.16:545][  0]LogTemp: Display: Loaded TP Android_MultiTargetPlatform
[2018.05.08-16.19.16:545][  0]LogTemp: Display: Loaded TP Android_PVRTCTargetPlatform
[2018.05.08-16.19.16:592][  0]LogTemp: Display: Loaded TP AndroidTargetPlatform
[2018.05.08-16.19.16:630][  0]LogTemp: Display: Loaded TP HTML5TargetPlatform
[2018.05.08-16.19.16:713][  0]LogTemp: Display: Loaded TP IOSTargetPlatform
[2018.05.08-16.19.16:738][  0]LogTemp: Display: Loaded TP TVOSTargetPlatform
[2018.05.08-16.19.16:786][  0]LogTemp: Display: Loaded TP LinuxClientTargetPlatform
[2018.05.08-16.19.16:834][  0]LogTemp: Display: Loaded TP LinuxNoEditorTargetPlatform
[2018.05.08-16.19.16:882][  0]LogTemp: Display: Loaded TP LinuxServerTargetPlatform
[2018.05.08-16.19.16:929][  0]LogTemp: Display: Loaded TP LinuxTargetPlatform
[2018.05.08-16.19.16:929][  0]LogTargetPlatformManager: Display: Building Assets For Windows
[2018.05.08-16.19.17:321][  0]LogDerivedDataCache: Display: Max Cache Size: 512 MB
[2018.05.08-16.19.17:441][  0]LogDerivedDataCache: Loaded boot cache 0.12s 78MB C:/Users/1880105.NT_DOMAIN/AppData/Local/UnrealEngine/4.18/DerivedDataCache/Boot.ddc.
[2018.05.08-16.19.17:441][  0]LogDerivedDataCache: Display: Loaded Boot cache: C:/Users/1880105.NT_DOMAIN/AppData/Local/UnrealEngine/4.18/DerivedDataCache/Boot.ddc
[2018.05.08-16.19.17:441][  0]LogDerivedDataCache: FDerivedDataBackendGraph:  Pak pak cache file ../../../../../Documents/Unreal Projects/Stuff/DerivedDataCache/DDC.ddp not found, will not use a pak cache.
[2018.05.08-16.19.17:441][  0]LogDerivedDataCache: Unable to find inner node Pak for hierarchical cache Hierarchy.
[2018.05.08-16.19.17:441][  0]LogDerivedDataCache: FDerivedDataBackendGraph:  CompressedPak pak cache file ../../../../../Documents/Unreal Projects/Stuff/DerivedDataCache/Compressed.ddp not found, will not use a pak cache.
[2018.05.08-16.19.17:441][  0]LogDerivedDataCache: Unable to find inner node CompressedPak for hierarchical cache Hierarchy.
[2018.05.08-16.19.17:460][  0]LogDerivedDataCache: Display: Pak cache opened for reading ../../../Engine/DerivedDataCache/Compressed.ddp.
[2018.05.08-16.19.17:471][  0]LogDerivedDataCache: Using Local data cache path C:/Users/1880105.NT_DOMAIN/AppData/Local/UnrealEngine/Common/DerivedDataCache: Writable
[2018.05.08-16.19.17:482][  0]LogMaterial: Verifying Global Shaders for PCD3D_SM5
[2018.05.08-16.19.17:482][  0]LogSlate: Using Freetype 2.6.0
[2018.05.08-16.19.17:483][  0]LogSlate: SlateFontCache - WITH_FREETYPE: 1, WITH_HARFBUZZ: 1
[2018.05.08-16.19.17:483][  0]LogSlate: SlateFontCache - WITH_FREETYPE: 1, WITH_HARFBUZZ: 1
[2018.05.08-16.19.17:853][  0]LogInit: Selected Device Profile: [Windows]
[2018.05.08-16.19.18:165][  0]LogSimplygon: Simplygon DLL not present - disabling.
[2018.05.08-16.19.18:202][  0]LogMeshReduction: Using SimplygonSwarm for distributed automatic mesh merging
[2018.05.08-16.19.18:202][  0]LogMeshReduction: Using QuadricMeshReduction for automatic static mesh reduction
[2018.05.08-16.19.18:202][  0]LogMeshReduction: No automatic skeletal mesh reduction module available
[2018.05.08-16.19.18:202][  0]LogMeshReduction: No automatic mesh merging module available
[2018.05.08-16.19.18:202][  0]LogMeshMerging: No automatic mesh merging module available
[2018.05.08-16.19.18:226][  0]LogNetVersion: Stuff , NetCL: 3709383, EngineNetVer: 2, GameNetVer: 0 (Checksum: 3335197438)
[2018.05.08-16.19.18:385][  0]LogAssetRegistry: FAssetRegistry took 0.0254 seconds to start up
[2018.05.08-16.19.18:949][  0]LogPackageLocalizationCache: Processed 7 localized package path(s) for 2 prioritized culture(s) in 0.107351 seconds
[2018.05.08-16.19.18:955][  0]LogUObjectArray: 35870 objects as part of root set at end of initial load.
[2018.05.08-16.19.18:955][  0]LogUObjectAllocator: 7363696 out of 0 bytes used by permanent object pool.
[2018.05.08-16.19.18:955][  0]LogUObjectArray: CloseDisregardForGC: 0/0 objects in disregard for GC pool
[2018.05.08-16.19.18:999][  0]LogInit: WinSock: version 1.1 (2.2), MaxSocks=32767, MaxUdp=65467
[2018.05.08-16.19.21:550][  0]LogTcpMessaging: Initializing TcpMessaging bridge
[2018.05.08-16.19.21:586][  0]LogUdpMessaging: Initializing bridge on interface 0.0.0.0:0 to multicast group 230.0.0.1:6666.
[2018.05.08-16.19.22:203][  0]LogMaterial: Uniform references updated for custom material expression Custom.
[2018.05.08-16.19.22:665][  0]SourceControl: Source control is disabled
[2018.05.08-16.19.22:665][  0]SourceControl: Source control is disabled
[2018.05.08-16.19.22:712][  0]SourceControl: Source control is disabled
[2018.05.08-16.19.22:758][  0]SourceControl: Source control is disabled
[2018.05.08-16.19.23:485][  0]LogAndroidPermission: UAndroidPermissionCallbackProxy::GetInstance
[2018.05.08-16.19.23:737][  0]LogOcInput: OculusInput pre-init called
[2018.05.08-16.19.24:003][  0]LogEngine: Initializing Engine...
[2018.05.08-16.19.24:006][  0]LogHMD: Failed to initialize OpenVR with code 110
[2018.05.08-16.19.24:257][  0]LogStats: UGameplayTagsManager::ConstructGameplayTagTree: Construct from data asset -  0.000 s
[2018.05.08-16.19.24:257][  0]LogStats: UGameplayTagsManager::ConstructGameplayTagTree: GameplayTagTreeChangedEvent.Broadcast -  0.000 s
[2018.05.08-16.19.24:382][  0]LogAIModule: Creating AISystem for world Untitled
[2018.05.08-16.19.24:390][  0]LogInit: XAudio2 using 'Speakers / Headphones (Realtek High Definition Audio)' : 2 channels at 48 kHz using 32 bits per sample (channel mask 0x3)
[2018.05.08-16.19.24:470][  0]LogInit: FAudioDevice initialized.
[2018.05.08-16.19.24:769][  0]LogDerivedDataCache: Saved boot cache 0.30s 78MB C:/Users/1880105.NT_DOMAIN/AppData/Local/UnrealEngine/4.18/DerivedDataCache/Boot.ddc.
[2018.05.08-16.19.24:792][  0]LogInit: Texture streaming: Enabled
[2018.05.08-16.19.24:876][  0]LogEngineSessionManager: EngineSessionManager initialized
[2018.05.08-16.19.24:995][  0]LogInit: Transaction tracking system initialized
[2018.05.08-16.19.25:283][  0]BlueprintLog: New page: Editor Load
[2018.05.08-16.19.26:107][  0]LocalizationService: Localization service is disabled
[2018.05.08-16.19.27:183][  0]LogConsoleResponse: Display: 
[2018.05.08-16.19.27:418][  0]LogCook: Display: Max memory allowance for cook 16384mb min free memory 0mb
[2018.05.08-16.19.27:418][  0]LogCook: Display: Mobile HDR setting 1
[2018.05.08-16.19.27:418][  0]LogGameplayTags: Display: UGameplayTagsManager::DoneAddingNativeTags. DelegateIsBound: 0
[2018.05.08-16.19.28:440][  0]LogFileCache: Scanning file cache for directory 'C:/Users/1880105.NT_DOMAIN/Documents/Unreal Projects/Stuff/Content/' took 0.06s
[2018.05.08-16.19.28:483][  0]SourceControl: Source control is disabled
[2018.05.08-16.19.28:483][  0]Cmd: MAP LOAD FILE="../../../../../Documents/Unreal Projects/Stuff/Content/ThirdPersonBP/Maps/ThirdPersonExampleMap.umap" TEMPLATE=0 SHOWPROGRESS=1 FEATURELEVEL=3
[2018.05.08-16.19.28:483][  0]LightingResults: New page: Lighting Build
[2018.05.08-16.19.28:520][  0]MapCheck: New page: Map Check
[2018.05.08-16.19.28:520][  0]LightingResults: New page: Lighting Build
[2018.05.08-16.19.32:646][  0]LogAIModule: Creating AISystem for world ThirdPersonExampleMap
[2018.05.08-16.19.32:655][  0]LogEditorServer: Finished looking for orphan Actors (0.000 secs)
[2018.05.08-16.19.32:716][  0]Cmd: MAP CHECKDEP NOCLEARLOG
[2018.05.08-16.19.32:767][  0]MapCheck: Map check complete: 0 Error(s), 0 Warning(s), took 51.282ms to complete.
[2018.05.08-16.19.32:767][  0]LogFileHelpers: Loading map 'ThirdPersonExampleMap' took 4.284
[2018.05.08-16.19.33:164][  0]LogCollectionManager: Loaded 0 collections in 0.001352 seconds
[2018.05.08-16.19.33:241][  0]LogFileCache: Scanning file cache for directory 'C:/Users/1880105.NT_DOMAIN/Documents/Unreal Projects/Stuff/Saved/Collections/' took 0.01s
[2018.05.08-16.19.33:241][  0]LogFileCache: Scanning file cache for directory 'C:/Users/1880105.NT_DOMAIN/Documents/Unreal Projects/Stuff/Content/Developers/1880105/Collections/' took 0.01s
[2018.05.08-16.19.33:241][  0]LogFileCache: Scanning file cache for directory 'C:/Users/1880105.NT_DOMAIN/Documents/Unreal Projects/Stuff/Content/Collections/' took 0.01s
[2018.05.08-16.19.33:241][  0]LogCollectionManager: Rebuilt the GUID cache for 0 collections in 0.000000 seconds
[2018.05.08-16.19.33:250][  0]LogContentBrowser: Native class hierarchy populated in 0.0093 seconds. Added 2363 classes and 519 folders.
[2018.05.08-16.19.33:310][  0]LogContentBrowser: Native class hierarchy updated for 'WidgetCarousel' in 0.0003 seconds. Added 0 classes and 0 folders.
[2018.05.08-16.19.35:497][  0]LogContentBrowser: Native class hierarchy updated for 'AddContentDialog' in 0.0002 seconds. Added 0 classes and 0 folders.
[2018.05.08-16.19.35:559][  0]LogContentBrowser: Native class hierarchy updated for 'SceneOutliner' in 0.0003 seconds. Added 1 classes and 2 folders.
[2018.05.08-16.19.35:593][  0]LogSlate: Took 0.000165 seconds to synchronously load lazily loaded font '../../../Engine/Content/Slate/Fonts/Roboto-Regular.ttf' (155K)
[2018.05.08-16.19.35:594][  0]LogSlate: Took 0.000132 seconds to synchronously load lazily loaded font '../../../Engine/Content/Slate/Fonts/Roboto-Bold.ttf' (160K)
[2018.05.08-16.19.35:670][  0]LogSlate: Took 0.069433 seconds to synchronously load lazily loaded font '../../../Engine/Content/Editor/Slate/Fonts/FontAwesome.ttf' (139K)
[2018.05.08-16.19.36:163][  0]LogRenderer: Reallocating scene render targets to support 1208x576 Format 9 NumSamples 1 (Frame:1).
[2018.05.08-16.19.36:606][  0]LogContentBrowser: Native class hierarchy updated for 'HierarchicalLODOutliner' in 0.0003 seconds. Added 1 classes and 2 folders.
[2018.05.08-16.19.36:606][  0]LogLoad: (Engine Initialization) Total time: 25.75 seconds
[2018.05.08-16.19.36:606][  0]LogLoad: (Engine Initialization) Total Blueprint compile time: 0.00 seconds
[2018.05.08-16.19.36:606][  0]LogExternalProfiler: No external profilers were discovered.  External profiling features will not be available.
[2018.05.08-16.19.36:635][  0]LogContentStreaming: Texture pool size now 600 MB
[2018.05.08-16.19.36:709][  0]LogSlate: Took 0.018561 seconds to synchronously load lazily loaded font '../../../Engine/Content/Slate/Fonts/Roboto-Light.ttf' (159K)
[2018.05.08-16.19.36:743][  1]LogAssetRegistry: Asset discovery search completed in 18.3793 seconds
[2018.05.08-16.19.36:745][  1]LogCollectionManager: Rebuilt the object cache for 0 collections in 0.000001 seconds (found 0 objects)
[2018.05.08-16.19.36:745][  1]LogCollectionManager: Fixed up redirectors for 0 collections in 0.000053 seconds (updated 0 objects)
[2018.05.08-16.24.39:175][135]LogEditorViewport: Clicking on Actor (LMB): NavMeshBoundsVolume (NavMeshBoundsVolume)
[2018.05.08-16.24.42:555][289]LogEditorViewport: Clicking on Actor (LMB): StaticMeshActor (Wall7)
[2018.05.08-16.24.59:392][122]Cmd: TRANSACTION UNDO
[2018.05.08-16.24.59:392][122]LogEditorTransaction: Undo Scale Actors
[2018.05.08-16.24.59:496][122]LogSlate: Took 0.000193 seconds to synchronously load lazily loaded font '../../../Engine/Content/Slate/Fonts/Roboto-Light.ttf' (159K)
[2018.05.08-16.25.00:699][172]LogEditorViewport: Clicking on Actor (LMB): NavMeshBoundsVolume (NavMeshBoundsVolume)
[2018.05.08-16.25.21:941][248]LogTemp: Repeating last play command: New Editor Window (PIE)
[2018.05.08-16.25.22:040][248]LogBlueprintUserMessages: Early PlayInEditor Detection: Level '/Game/ThirdPersonBP/Maps/ThirdPersonExampleMap.ThirdPersonExampleMap:PersistentLevel' has LevelScriptBlueprint '/Game/ThirdPersonBP/Maps/ThirdPersonExampleMap.ThirdPersonExampleMap:PersistentLevel.ThirdPersonExampleMap' with GeneratedClass '/Game/ThirdPersonBP/Maps/ThirdPersonExampleMap.ThirdPersonExampleMap_C' with ClassGeneratedBy '/Game/ThirdPersonBP/Maps/ThirdPersonExampleMap.ThirdPersonExampleMap:PersistentLevel.ThirdPersonExampleMap'
[2018.05.08-16.25.22:040][248]LogPlayLevel: PlayLevel: No blueprints needed recompiling
[2018.05.08-16.25.22:040][248]PIE: New page: PIE session: ThirdPersonExampleMap (May 8, 2018, 8:25:22 AM)
[2018.05.08-16.25.22:041][248]LogPlayLevel: Creating play world package: /Game/ThirdPersonBP/Maps/UEDPIE_0_ThirdPersonExampleMap
[2018.05.08-16.25.22:085][248]LogPlayLevel: PIE: StaticDuplicateObject took: (0.044786s)
[2018.05.08-16.25.22:087][248]LogAIModule: Creating AISystem for world ThirdPersonExampleMap
[2018.05.08-16.25.22:088][248]LogPlayLevel: PIE: World Init took: (0.002600s)
[2018.05.08-16.25.22:088][248]LogPlayLevel: PIE: Created PIE world by copying editor world from /Game/ThirdPersonBP/Maps/ThirdPersonExampleMap.ThirdPersonExampleMap to /Game/ThirdPersonBP/Maps/UEDPIE_0_ThirdPersonExampleMap.ThirdPersonExampleMap (0.047856s)
[2018.05.08-16.25.22:100][248]LogInit: XAudio2 using 'Speakers / Headphones (Realtek High Definition Audio)' : 2 channels at 48 kHz using 32 bits per sample (channel mask 0x3)
[2018.05.08-16.25.22:112][248]LogInit: FAudioDevice initialized.
[2018.05.08-16.25.22:194][248]LogLoad: Game class is 'ThirdPersonGameMode_C'
[2018.05.08-16.25.22:198][248]LogWorld: Bringing World /Game/ThirdPersonBP/Maps/UEDPIE_0_ThirdPersonExampleMap.ThirdPersonExampleMap up for play (max tick rate 0) at 2018.05.08-12.25.22
[2018.05.08-16.25.22:199][248]LogWorld: Bringing up level for play took: 0.003298
[2018.05.08-16.25.22:241][248]LogContentBrowser: Native class hierarchy updated for 'MovieSceneCapture' in 0.0005 seconds. Added 11 classes and 0 folders.
[2018.05.08-16.25.22:248][248]PIE: Play in editor start time for /Game/ThirdPersonBP/Maps/UEDPIE_0_ThirdPersonExampleMap -0.47
[2018.05.08-16.25.22:248][248]LogBlueprintUserMessages: Late PlayInEditor Detection: Level '/Game/ThirdPersonBP/Maps/ThirdPersonExampleMap.ThirdPersonExampleMap:PersistentLevel' has LevelScriptBlueprint '/Game/ThirdPersonBP/Maps/ThirdPersonExampleMap.ThirdPersonExampleMap:PersistentLevel.ThirdPersonExampleMap' with GeneratedClass '/Game/ThirdPersonBP/Maps/ThirdPersonExampleMap.ThirdPersonExampleMap_C' with ClassGeneratedBy '/Game/ThirdPersonBP/Maps/ThirdPersonExampleMap.ThirdPersonExampleMap:PersistentLevel.ThirdPersonExampleMap'
[2018.05.08-16.25.59:308][466]LogBlueprintUserMessages: Early EndPlayMap Detection: Level '/Game/ThirdPersonBP/Maps/ThirdPersonExampleMap.ThirdPersonExampleMap:PersistentLevel' has LevelScriptBlueprint '/Game/ThirdPersonBP/Maps/ThirdPersonExampleMap.ThirdPersonExampleMap:PersistentLevel.ThirdPersonExampleMap' with GeneratedClass '/Game/ThirdPersonBP/Maps/ThirdPersonExampleMap.ThirdPersonExampleMap_C' with ClassGeneratedBy '/Game/ThirdPersonBP/Maps/ThirdPersonExampleMap.ThirdPersonExampleMap:PersistentLevel.ThirdPersonExampleMap'
[2018.05.08-16.25.59:358][466]LogBlueprintUserMessages: Late EndPlayMap Detection: Level '/Game/ThirdPersonBP/Maps/ThirdPersonExampleMap.ThirdPersonExampleMap:PersistentLevel' has LevelScriptBlueprint '/Game/ThirdPersonBP/Maps/ThirdPersonExampleMap.ThirdPersonExampleMap:PersistentLevel.ThirdPersonExampleMap' with GeneratedClass '/Game/ThirdPersonBP/Maps/ThirdPersonExampleMap.ThirdPersonExampleMap_C' with ClassGeneratedBy '/Game/ThirdPersonBP/Maps/ThirdPersonExampleMap.ThirdPersonExampleMap:PersistentLevel.ThirdPersonExampleMap'
[2018.05.08-16.26.04:645][722]LogSlate: Took 0.000199 seconds to synchronously load lazily loaded font '../../../Engine/Content/Slate/Fonts/Roboto-Light.ttf' (159K)
[2018.05.08-16.26.04:773][722]LogSlate: Took 0.026275 seconds to synchronously load lazily loaded font '../../../Engine/Content/Editor/Slate/Fonts/Roboto-BoldCondensed.ttf' (158K)
[2018.05.08-16.26.08:349][129]Cmd: OBJ SAVEPACKAGE PACKAGE="/Game/ThirdPersonBP/Blueprints/Goblin/GobTree" FILE="../../../../../Documents/Unreal Projects/Stuff/Content/ThirdPersonBP/Blueprints/Goblin/GobTree.uasset" SILENT=true
[2018.05.08-16.26.08:432][129]LogSavePackage: Save=21.06ms
[2018.05.08-16.26.08:432][129]LogSavePackage: Moving '../../../../../Documents/Unreal Projects/Stuff/Saved/GobTreeC2D784DB458C55168E727BA83473E275.tmp' to '../../../../../Documents/Unreal Projects/Stuff/Content/ThirdPersonBP/Blueprints/Goblin/GobTree.uasset'
[2018.05.08-16.26.08:436][129]LogSavePackage: Display: Finished SavePackage ../../../../../Documents/Unreal Projects/Stuff/Content/ThirdPersonBP/Blueprints/Goblin/GobTree.uasset
[2018.05.08-16.26.10:433][276]LogTemp: Repeating last play command: New Editor Window (PIE)
[2018.05.08-16.26.10:459][276]LogBlueprintUserMessages: Early PlayInEditor Detection: Level '/Game/ThirdPersonBP/Maps/ThirdPersonExampleMap.ThirdPersonExampleMap:PersistentLevel' has LevelScriptBlueprint '/Game/ThirdPersonBP/Maps/ThirdPersonExampleMap.ThirdPersonExampleMap:PersistentLevel.ThirdPersonExampleMap' with GeneratedClass '/Game/ThirdPersonBP/Maps/ThirdPersonExampleMap.ThirdPersonExampleMap_C' with ClassGeneratedBy '/Game/ThirdPersonBP/Maps/ThirdPersonExampleMap.ThirdPersonExampleMap:PersistentLevel.ThirdPersonExampleMap'
[2018.05.08-16.26.10:464][276]LogPlayLevel: PlayLevel: No blueprints needed recompiling
[2018.05.08-16.26.10:465][276]PIE: New page: PIE session: ThirdPersonExampleMap (May 8, 2018, 8:26:10 AM)
[2018.05.08-16.26.10:465][276]LogPlayLevel: Creating play world package: /Game/ThirdPersonBP/Maps/UEDPIE_0_ThirdPersonExampleMap
[2018.05.08-16.26.10:495][276]LogPlayLevel: PIE: StaticDuplicateObject took: (0.030018s)
[2018.05.08-16.26.10:496][276]LogAIModule: Creating AISystem for world ThirdPersonExampleMap
[2018.05.08-16.26.10:497][276]LogPlayLevel: PIE: World Init took: (0.002022s)
[2018.05.08-16.26.10:498][276]LogPlayLevel: PIE: Created PIE world by copying editor world from /Game/ThirdPersonBP/Maps/ThirdPersonExampleMap.ThirdPersonExampleMap to /Game/ThirdPersonBP/Maps/UEDPIE_0_ThirdPersonExampleMap.ThirdPersonExampleMap (0.032923s)
[2018.05.08-16.26.10:509][276]LogInit: XAudio2 using 'Speakers / Headphones (Realtek High Definition Audio)' : 2 channels at 48 kHz using 32 bits per sample (channel mask 0x3)
[2018.05.08-16.26.10:519][276]LogInit: FAudioDevice initialized.
[2018.05.08-16.26.10:562][276]LogLoad: Game class is 'ThirdPersonGameMode_C'
[2018.05.08-16.26.10:566][276]LogWorld: Bringing World /Game/ThirdPersonBP/Maps/UEDPIE_0_ThirdPersonExampleMap.ThirdPersonExampleMap up for play (max tick rate 0) at 2018.05.08-12.26.10
[2018.05.08-16.26.10:567][276]LogWorld: Bringing up level for play took: 0.003844
[2018.05.08-16.26.10:572][276]PIE: Play in editor start time for /Game/ThirdPersonBP/Maps/UEDPIE_0_ThirdPersonExampleMap -0.149
[2018.05.08-16.26.10:572][276]LogBlueprintUserMessages: Late PlayInEditor Detection: Level '/Game/ThirdPersonBP/Maps/ThirdPersonExampleMap.ThirdPersonExampleMap:PersistentLevel' has LevelScriptBlueprint '/Game/ThirdPersonBP/Maps/ThirdPersonExampleMap.ThirdPersonExampleMap:PersistentLevel.ThirdPersonExampleMap' with GeneratedClass '/Game/ThirdPersonBP/Maps/ThirdPersonExampleMap.ThirdPersonExampleMap_C' with ClassGeneratedBy '/Game/ThirdPersonBP/Maps/ThirdPersonExampleMap.ThirdPersonExampleMap:PersistentLevel.ThirdPersonExampleMap'
[2018.05.08-16.26.29:641][417]LogBlueprintUserMessages: Early EndPlayMap Detection: Level '/Game/ThirdPersonBP/Maps/ThirdPersonExampleMap.ThirdPersonExampleMap:PersistentLevel' has LevelScriptBlueprint '/Game/ThirdPersonBP/Maps/ThirdPersonExampleMap.ThirdPersonExampleMap:PersistentLevel.ThirdPersonExampleMap' with GeneratedClass '/Game/ThirdPersonBP/Maps/ThirdPersonExampleMap.ThirdPersonExampleMap_C' with ClassGeneratedBy '/Game/ThirdPersonBP/Maps/ThirdPersonExampleMap.ThirdPersonExampleMap:PersistentLevel.ThirdPersonExampleMap'
[2018.05.08-16.26.29:692][417]LogBlueprintUserMessages: Late EndPlayMap Detection: Level '/Game/ThirdPersonBP/Maps/ThirdPersonExampleMap.ThirdPersonExampleMap:PersistentLevel' has LevelScriptBlueprint '/Game/ThirdPersonBP/Maps/ThirdPersonExampleMap.ThirdPersonExampleMap:PersistentLevel.ThirdPersonExampleMap' with GeneratedClass '/Game/ThirdPersonBP/Maps/ThirdPersonExampleMap.ThirdPersonExampleMap_C' with ClassGeneratedBy '/Game/ThirdPersonBP/Maps/ThirdPersonExampleMap.ThirdPersonExampleMap:PersistentLevel.ThirdPersonExampleMap'
[2018.05.08-16.26.38:433][175]LogSlate: Took 0.000191 seconds to synchronously load lazily loaded font '../../../Engine/Content/Slate/Fonts/Roboto-Regular.ttf' (155K)
[2018.05.08-16.26.38:497][175]LogContentBrowser: Native class hierarchy updated for 'BlueprintGraph' in 0.0007 seconds. Added 116 classes and 0 folders.
[2018.05.08-16.26.39:547][176]LogSlate: Took 0.013518 seconds to synchronously load lazily loaded font '../../../Engine/Content/Editor/Slate/Fonts/Roboto-Italic.ttf' (157K)
[2018.05.08-16.26.51:023][507]BlueprintLog: New page: Compile GoToLastKnownLocation
[2018.05.08-16.26.52:708][601]LogTemp: Repeating last play command: New Editor Window (PIE)
[2018.05.08-16.26.52:729][601]LogBlueprintUserMessages: Early PlayInEditor Detection: Level '/Game/ThirdPersonBP/Maps/ThirdPersonExampleMap.ThirdPersonExampleMap:PersistentLevel' has LevelScriptBlueprint '/Game/ThirdPersonBP/Maps/ThirdPersonExampleMap.ThirdPersonExampleMap:PersistentLevel.ThirdPersonExampleMap' with GeneratedClass '/Game/ThirdPersonBP/Maps/ThirdPersonExampleMap.ThirdPersonExampleMap_C' with ClassGeneratedBy '/Game/ThirdPersonBP/Maps/ThirdPersonExampleMap.ThirdPersonExampleMap:PersistentLevel.ThirdPersonExampleMap'
[2018.05.08-16.26.52:734][601]LogPlayLevel: PlayLevel: No blueprints needed recompiling
[2018.05.08-16.26.52:734][601]PIE: New page: PIE session: ThirdPersonExampleMap (May 8, 2018, 8:26:52 AM)
[2018.05.08-16.26.52:734][601]LogPlayLevel: Creating play world package: /Game/ThirdPersonBP/Maps/UEDPIE_0_ThirdPersonExampleMap
[2018.05.08-16.26.52:764][601]LogPlayLevel: PIE: StaticDuplicateObject took: (0.030506s)
[2018.05.08-16.26.52:765][601]LogAIModule: Creating AISystem for world ThirdPersonExampleMap
[2018.05.08-16.26.52:765][601]LogPlayLevel: PIE: World Init took: (0.000857s)
[2018.05.08-16.26.52:766][601]LogPlayLevel: PIE: Created PIE world by copying editor world from /Game/ThirdPersonBP/Maps/ThirdPersonExampleMap.ThirdPersonExampleMap to /Game/ThirdPersonBP/Maps/UEDPIE_0_ThirdPersonExampleMap.ThirdPersonExampleMap (0.031697s)
[2018.05.08-16.26.52:786][601]LogInit: XAudio2 using 'Speakers / Headphones (Realtek High Definition Audio)' : 2 channels at 48 kHz using 32 bits per sample (channel mask 0x3)
[2018.05.08-16.26.52:797][601]LogInit: FAudioDevice initialized.
[2018.05.08-16.26.52:840][601]LogLoad: Game class is 'ThirdPersonGameMode_C'
[2018.05.08-16.26.52:843][601]LogWorld: Bringing World /Game/ThirdPersonBP/Maps/UEDPIE_0_ThirdPersonExampleMap.ThirdPersonExampleMap up for play (max tick rate 0) at 2018.05.08-12.26.52
[2018.05.08-16.26.52:844][601]LogWorld: Bringing up level for play took: 0.003387
[2018.05.08-16.26.52:849][601]PIE: Play in editor start time for /Game/ThirdPersonBP/Maps/UEDPIE_0_ThirdPersonExampleMap 0.126
[2018.05.08-16.26.52:849][601]LogBlueprintUserMessages: Late PlayInEditor Detection: Level '/Game/ThirdPersonBP/Maps/ThirdPersonExampleMap.ThirdPersonExampleMap:PersistentLevel' has LevelScriptBlueprint '/Game/ThirdPersonBP/Maps/ThirdPersonExampleMap.ThirdPersonExampleMap:PersistentLevel.ThirdPersonExampleMap' with GeneratedClass '/Game/ThirdPersonBP/Maps/ThirdPersonExampleMap.ThirdPersonExampleMap_C' with ClassGeneratedBy '/Game/ThirdPersonBP/Maps/ThirdPersonExampleMap.ThirdPersonExampleMap:PersistentLevel.ThirdPersonExampleMap'
[2018.05.08-16.27.06:811][434]LogBlueprintUserMessages: Early EndPlayMap Detection: Level '/Game/ThirdPersonBP/Maps/ThirdPersonExampleMap.ThirdPersonExampleMap:PersistentLevel' has LevelScriptBlueprint '/Game/ThirdPersonBP/Maps/ThirdPersonExampleMap.ThirdPersonExampleMap:PersistentLevel.ThirdPersonExampleMap' with GeneratedClass '/Game/ThirdPersonBP/Maps/ThirdPersonExampleMap.ThirdPersonExampleMap_C' with ClassGeneratedBy '/Game/ThirdPersonBP/Maps/ThirdPersonExampleMap.ThirdPersonExampleMap:PersistentLevel.ThirdPersonExampleMap'
[2018.05.08-16.27.06:861][434]LogBlueprintUserMessages: Late EndPlayMap Detection: Level '/Game/ThirdPersonBP/Maps/ThirdPersonExampleMap.ThirdPersonExampleMap:PersistentLevel' has LevelScriptBlueprint '/Game/ThirdPersonBP/Maps/ThirdPersonExampleMap.ThirdPersonExampleMap:PersistentLevel.ThirdPersonExampleMap' with GeneratedClass '/Game/ThirdPersonBP/Maps/ThirdPersonExampleMap.ThirdPersonExampleMap_C' with ClassGeneratedBy '/Game/ThirdPersonBP/Maps/ThirdPersonExampleMap.ThirdPersonExampleMap:PersistentLevel.ThirdPersonExampleMap'
[2018.05.08-16.27.16:359][341]BlueprintLog: New page: Compile GoToLastKnownLocation
[2018.05.08-16.27.17:865][451]LogTemp: Repeating last play command: New Editor Window (PIE)
[2018.05.08-16.27.17:885][451]LogBlueprintUserMessages: Early PlayInEditor Detection: Level '/Game/ThirdPersonBP/Maps/ThirdPersonExampleMap.ThirdPersonExampleMap:PersistentLevel' has LevelScriptBlueprint '/Game/ThirdPersonBP/Maps/ThirdPersonExampleMap.ThirdPersonExampleMap:PersistentLevel.ThirdPersonExampleMap' with GeneratedClass '/Game/ThirdPersonBP/Maps/ThirdPersonExampleMap.ThirdPersonExampleMap_C' with ClassGeneratedBy '/Game/ThirdPersonBP/Maps/ThirdPersonExampleMap.ThirdPersonExampleMap:PersistentLevel.ThirdPersonExampleMap'
[2018.05.08-16.27.17:889][451]LogPlayLevel: PlayLevel: No blueprints needed recompiling
[2018.05.08-16.27.17:889][451]PIE: New page: PIE session: ThirdPersonExampleMap (May 8, 2018, 8:27:17 AM)
[2018.05.08-16.27.17:889][451]LogPlayLevel: Creating play world package: /Game/ThirdPersonBP/Maps/UEDPIE_0_ThirdPersonExampleMap
[2018.05.08-16.27.17:915][451]LogPlayLevel: PIE: StaticDuplicateObject took: (0.025661s)
[2018.05.08-16.27.17:916][451]LogAIModule: Creating AISystem for world ThirdPersonExampleMap
[2018.05.08-16.27.17:916][451]LogPlayLevel: PIE: World Init took: (0.000866s)
[2018.05.08-16.27.17:916][451]LogPlayLevel: PIE: Created PIE world by copying editor world from /Game/ThirdPersonBP/Maps/ThirdPersonExampleMap.ThirdPersonExampleMap to /Game/ThirdPersonBP/Maps/UEDPIE_0_ThirdPersonExampleMap.ThirdPersonExampleMap (0.026800s)
[2018.05.08-16.27.17:936][451]LogInit: XAudio2 using 'Speakers / Headphones (Realtek High Definition Audio)' : 2 channels at 48 kHz using 32 bits per sample (channel mask 0x3)
[2018.05.08-16.27.17:946][451]LogInit: FAudioDevice initialized.
[2018.05.08-16.27.17:988][451]LogLoad: Game class is 'ThirdPersonGameMode_C'
[2018.05.08-16.27.17:993][451]LogWorld: Bringing World /Game/ThirdPersonBP/Maps/UEDPIE_0_ThirdPersonExampleMap.ThirdPersonExampleMap up for play (max tick rate 0) at 2018.05.08-12.27.17
[2018.05.08-16.27.17:995][451]LogWorld: Bringing up level for play took: 0.005974
[2018.05.08-16.27.18:001][451]PIE: Play in editor start time for /Game/ThirdPersonBP/Maps/UEDPIE_0_ThirdPersonExampleMap -0.724
[2018.05.08-16.27.18:002][451]LogBlueprintUserMessages: Late PlayInEditor Detection: Level '/Game/ThirdPersonBP/Maps/ThirdPersonExampleMap.ThirdPersonExampleMap:PersistentLevel' has LevelScriptBlueprint '/Game/ThirdPersonBP/Maps/ThirdPersonExampleMap.ThirdPersonExampleMap:PersistentLevel.ThirdPersonExampleMap' with GeneratedClass '/Game/ThirdPersonBP/Maps/ThirdPersonExampleMap.ThirdPersonExampleMap_C' with ClassGeneratedBy '/Game/ThirdPersonBP/Maps/ThirdPersonExampleMap.ThirdPersonExampleMap:PersistentLevel.ThirdPersonExampleMap'
[2018.05.08-16.27.23:795][793]LogBlueprintUserMessages: Early EndPlayMap Detection: Level '/Game/ThirdPersonBP/Maps/ThirdPersonExampleMap.ThirdPersonExampleMap:PersistentLevel' has LevelScriptBlueprint '/Game/ThirdPersonBP/Maps/ThirdPersonExampleMap.ThirdPersonExampleMap:PersistentLevel.ThirdPersonExampleMap' with GeneratedClass '/Game/ThirdPersonBP/Maps/ThirdPersonExampleMap.ThirdPersonExampleMap_C' with ClassGeneratedBy '/Game/ThirdPersonBP/Maps/ThirdPersonExampleMap.ThirdPersonExampleMap:PersistentLevel.ThirdPersonExampleMap'
[2018.05.08-16.27.23:849][793]LogBlueprintUserMessages: Late EndPlayMap Detection: Level '/Game/ThirdPersonBP/Maps/ThirdPersonExampleMap.ThirdPersonExampleMap:PersistentLevel' has LevelScriptBlueprint '/Game/ThirdPersonBP/Maps/ThirdPersonExampleMap.ThirdPersonExampleMap:PersistentLevel.ThirdPersonExampleMap' with GeneratedClass '/Game/ThirdPersonBP/Maps/ThirdPersonExampleMap.ThirdPersonExampleMap_C' with ClassGeneratedBy '/Game/ThirdPersonBP/Maps/ThirdPersonExampleMap.ThirdPersonExampleMap:PersistentLevel.ThirdPersonExampleMap'
[2018.05.08-16.27.27:928][ 39]LogTemp: Repeating last play command: New Editor Window (PIE)
[2018.05.08-16.27.27:948][ 39]LogBlueprintUserMessages: Early PlayInEditor Detection: Level '/Game/ThirdPersonBP/Maps/ThirdPersonExampleMap.ThirdPersonExampleMap:PersistentLevel' has LevelScriptBlueprint '/Game/ThirdPersonBP/Maps/ThirdPersonExampleMap.ThirdPersonExampleMap:PersistentLevel.ThirdPersonExampleMap' with GeneratedClass '/Game/ThirdPersonBP/Maps/ThirdPersonExampleMap.ThirdPersonExampleMap_C' with ClassGeneratedBy '/Game/ThirdPersonBP/Maps/ThirdPersonExampleMap.ThirdPersonExampleMap:PersistentLevel.ThirdPersonExampleMap'
[2018.05.08-16.27.27:953][ 39]LogPlayLevel: PlayLevel: No blueprints needed recompiling
[2018.05.08-16.27.27:953][ 39]PIE: New page: PIE session: ThirdPersonExampleMap (May 8, 2018, 8:27:27 AM)
[2018.05.08-16.27.27:953][ 39]LogPlayLevel: Creating play world package: /Game/ThirdPersonBP/Maps/UEDPIE_0_ThirdPersonExampleMap
[2018.05.08-16.27.27:979][ 39]LogPlayLevel: PIE: StaticDuplicateObject took: (0.025261s)
[2018.05.08-16.27.27:980][ 39]LogAIModule: Creating AISystem for world ThirdPersonExampleMap
[2018.05.08-16.27.27:980][ 39]LogPlayLevel: PIE: World Init took: (0.000923s)
[2018.05.08-16.27.27:980][ 39]LogPlayLevel: PIE: Created PIE world by copying editor world from /Game/ThirdPersonBP/Maps/ThirdPersonExampleMap.ThirdPersonExampleMap to /Game/ThirdPersonBP/Maps/UEDPIE_0_ThirdPersonExampleMap.ThirdPersonExampleMap (0.026473s)
[2018.05.08-16.27.28:000][ 39]LogInit: XAudio2 using 'Speakers / Headphones (Realtek High Definition Audio)' : 2 channels at 48 kHz using 32 bits per sample (channel mask 0x3)
[2018.05.08-16.27.28:010][ 39]LogInit: FAudioDevice initialized.
[2018.05.08-16.27.28:053][ 39]LogLoad: Game class is 'ThirdPersonGameMode_C'
[2018.05.08-16.27.28:056][ 39]LogWorld: Bringing World /Game/ThirdPersonBP/Maps/UEDPIE_0_ThirdPersonExampleMap.ThirdPersonExampleMap up for play (max tick rate 0) at 2018.05.08-12.27.28
[2018.05.08-16.27.28:058][ 39]LogWorld: Bringing up level for play took: 0.003491
[2018.05.08-16.27.28:065][ 39]PIE: Play in editor start time for /Game/ThirdPersonBP/Maps/UEDPIE_0_ThirdPersonExampleMap -0.66
[2018.05.08-16.27.28:066][ 39]LogBlueprintUserMessages: Late PlayInEditor Detection: Level '/Game/ThirdPersonBP/Maps/ThirdPersonExampleMap.ThirdPersonExampleMap:PersistentLevel' has LevelScriptBlueprint '/Game/ThirdPersonBP/Maps/ThirdPersonExampleMap.ThirdPersonExampleMap:PersistentLevel.ThirdPersonExampleMap' with GeneratedClass '/Game/ThirdPersonBP/Maps/ThirdPersonExampleMap.ThirdPersonExampleMap_C' with ClassGeneratedBy '/Game/ThirdPersonBP/Maps/ThirdPersonExampleMap.ThirdPersonExampleMap:PersistentLevel.ThirdPersonExampleMap'
[2018.05.08-16.27.33:335][347]LogBlueprintUserMessages: [GoToLastKnownLocation_C_0] Hello
[2018.05.08-16.27.39:629][724]LogBlueprintUserMessages: [GoToLastKnownLocation_C_0] Hello
[2018.05.08-16.27.44:062][990]LogBlueprintUserMessages: Early EndPlayMap Detection: Level '/Game/ThirdPersonBP/Maps/ThirdPersonExampleMap.ThirdPersonExampleMap:PersistentLevel' has LevelScriptBlueprint '/Game/ThirdPersonBP/Maps/ThirdPersonExampleMap.ThirdPersonExampleMap:PersistentLevel.ThirdPersonExampleMap' with GeneratedClass '/Game/ThirdPersonBP/Maps/ThirdPersonExampleMap.ThirdPersonExampleMap_C' with ClassGeneratedBy '/Game/ThirdPersonBP/Maps/ThirdPersonExampleMap.ThirdPersonExampleMap:PersistentLevel.ThirdPersonExampleMap'
[2018.05.08-16.27.44:118][990]LogBlueprintUserMessages: Late EndPlayMap Detection: Level '/Game/ThirdPersonBP/Maps/ThirdPersonExampleMap.ThirdPersonExampleMap:PersistentLevel' has LevelScriptBlueprint '/Game/ThirdPersonBP/Maps/ThirdPersonExampleMap.ThirdPersonExampleMap:PersistentLevel.ThirdPersonExampleMap' with GeneratedClass '/Game/ThirdPersonBP/Maps/ThirdPersonExampleMap.ThirdPersonExampleMap_C' with ClassGeneratedBy '/Game/ThirdPersonBP/Maps/ThirdPersonExampleMap.ThirdPersonExampleMap:PersistentLevel.ThirdPersonExampleMap'
[2018.05.08-16.27.49:908][189]LogContentBrowser: Native class hierarchy updated for 'SkeletonEditor' in 0.0003 seconds. Added 1 classes and 2 folders.
[2018.05.08-16.27.50:709][189]LogActorComponent: RegisterComponentWithWorld: (/Engine/Transient.World_9:PersistentLevel.Actor_0.DebugSkelMeshComponent_0) Already registered. Aborting.
[2018.05.08-16.27.50:982][189]LogSkeletalMesh: USkeletalMeshComponent::InitArticulated : Bodies already created (/Engine/Transient.World_9:PersistentLevel.Actor_0.DebugSkelMeshComponent_0) - call TermArticulated first.
[2018.05.08-16.27.51:418][189]LogContentBrowser: Native class hierarchy updated for 'ClothingSystemEditorInterface' in 0.0003 seconds. Added 1 classes and 0 folders.
[2018.05.08-16.27.51:508][189]LogContentBrowser: Verbose: The majority of assets in the view are of type: AnimSequence
[2018.05.08-16.27.56:647][657]BlueprintLog: New page: Compile Goblin_BP
[2018.05.08-16.27.58:877][778]LogTemp: Repeating last play command: New Editor Window (PIE)
[2018.05.08-16.27.58:897][778]LogBlueprintUserMessages: Early PlayInEditor Detection: Level '/Game/ThirdPersonBP/Maps/ThirdPersonExampleMap.ThirdPersonExampleMap:PersistentLevel' has LevelScriptBlueprint '/Game/ThirdPersonBP/Maps/ThirdPersonExampleMap.ThirdPersonExampleMap:PersistentLevel.ThirdPersonExampleMap' with GeneratedClass '/Game/ThirdPersonBP/Maps/ThirdPersonExampleMap.ThirdPersonExampleMap_C' with ClassGeneratedBy '/Game/ThirdPersonBP/Maps/ThirdPersonExampleMap.ThirdPersonExampleMap:PersistentLevel.ThirdPersonExampleMap'
[2018.05.08-16.27.58:900][778]LogPlayLevel: PlayLevel: No blueprints needed recompiling
[2018.05.08-16.27.58:900][778]PIE: New page: PIE session: ThirdPersonExampleMap (May 8, 2018, 8:27:58 AM)
[2018.05.08-16.27.58:901][778]LogPlayLevel: Creating play world package: /Game/ThirdPersonBP/Maps/UEDPIE_0_ThirdPersonExampleMap
[2018.05.08-16.27.58:925][778]LogPlayLevel: PIE: StaticDuplicateObject took: (0.024818s)
[2018.05.08-16.27.58:926][778]LogAIModule: Creating AISystem for world ThirdPersonExampleMap
[2018.05.08-16.27.58:927][778]LogPlayLevel: PIE: World Init took: (0.001051s)
[2018.05.08-16.27.58:927][778]LogPlayLevel: PIE: Created PIE world by copying editor world from /Game/ThirdPersonBP/Maps/ThirdPersonExampleMap.ThirdPersonExampleMap to /Game/ThirdPersonBP/Maps/UEDPIE_0_ThirdPersonExampleMap.ThirdPersonExampleMap (0.026194s)
[2018.05.08-16.27.58:947][778]LogInit: XAudio2 using 'Speakers / Headphones (Realtek High Definition Audio)' : 2 channels at 48 kHz using 32 bits per sample (channel mask 0x3)
[2018.05.08-16.27.58:958][778]LogInit: FAudioDevice initialized.
[2018.05.08-16.27.58:999][778]LogLoad: Game class is 'ThirdPersonGameMode_C'
[2018.05.08-16.27.59:002][778]LogWorld: Bringing World /Game/ThirdPersonBP/Maps/UEDPIE_0_ThirdPersonExampleMap.ThirdPersonExampleMap up for play (max tick rate 0) at 2018.05.08-12.27.59
[2018.05.08-16.27.59:004][778]LogWorld: Bringing up level for play took: 0.003798
[2018.05.08-16.27.59:009][778]PIE: Play in editor start time for /Game/ThirdPersonBP/Maps/UEDPIE_0_ThirdPersonExampleMap 0.282
[2018.05.08-16.27.59:010][778]LogBlueprintUserMessages: Late PlayInEditor Detection: Level '/Game/ThirdPersonBP/Maps/ThirdPersonExampleMap.ThirdPersonExampleMap:PersistentLevel' has LevelScriptBlueprint '/Game/ThirdPersonBP/Maps/ThirdPersonExampleMap.ThirdPersonExampleMap:PersistentLevel.ThirdPersonExampleMap' with GeneratedClass '/Game/ThirdPersonBP/Maps/ThirdPersonExampleMap.ThirdPersonExampleMap_C' with ClassGeneratedBy '/Game/ThirdPersonBP/Maps/ThirdPersonExampleMap.ThirdPersonExampleMap:PersistentLevel.ThirdPersonExampleMap'
[2018.05.08-16.28.08:681][353]LogBlueprintUserMessages: [GoToLastKnownLocation_C_0] Hello
[2018.05.08-16.28.12:847][603]LogBlueprintUserMessages: Early EndPlayMap Detection: Level '/Game/ThirdPersonBP/Maps/ThirdPersonExampleMap.ThirdPersonExampleMap:PersistentLevel' has LevelScriptBlueprint '/Game/ThirdPersonBP/Maps/ThirdPersonExampleMap.ThirdPersonExampleMap:PersistentLevel.ThirdPersonExampleMap' with GeneratedClass '/Game/ThirdPersonBP/Maps/ThirdPersonExampleMap.ThirdPersonExampleMap_C' with ClassGeneratedBy '/Game/ThirdPersonBP/Maps/ThirdPersonExampleMap.ThirdPersonExampleMap:PersistentLevel.ThirdPersonExampleMap'
[2018.05.08-16.28.12:900][603]LogBlueprintUserMessages: Late EndPlayMap Detection: Level '/Game/ThirdPersonBP/Maps/ThirdPersonExampleMap.ThirdPersonExampleMap:PersistentLevel' has LevelScriptBlueprint '/Game/ThirdPersonBP/Maps/ThirdPersonExampleMap.ThirdPersonExampleMap:PersistentLevel.ThirdPersonExampleMap' with GeneratedClass '/Game/ThirdPersonBP/Maps/ThirdPersonExampleMap.ThirdPersonExampleMap_C' with ClassGeneratedBy '/Game/ThirdPersonBP/Maps/ThirdPersonExampleMap.ThirdPersonExampleMap:PersistentLevel.ThirdPersonExampleMap'
[2018.05.08-16.28.13:747][646]LogTemp: Repeating last play command: New Editor Window (PIE)
[2018.05.08-16.28.13:768][646]LogBlueprintUserMessages: Early PlayInEditor Detection: Level '/Game/ThirdPersonBP/Maps/ThirdPersonExampleMap.ThirdPersonExampleMap:PersistentLevel' has LevelScriptBlueprint '/Game/ThirdPersonBP/Maps/ThirdPersonExampleMap.ThirdPersonExampleMap:PersistentLevel.ThirdPersonExampleMap' with GeneratedClass '/Game/ThirdPersonBP/Maps/ThirdPersonExampleMap.ThirdPersonExampleMap_C' with ClassGeneratedBy '/Game/ThirdPersonBP/Maps/ThirdPersonExampleMap.ThirdPersonExampleMap:PersistentLevel.ThirdPersonExampleMap'
[2018.05.08-16.28.13:772][646]LogPlayLevel: PlayLevel: No blueprints needed recompiling
[2018.05.08-16.28.13:772][646]PIE: New page: PIE session: ThirdPersonExampleMap (May 8, 2018, 8:28:13 AM)
[2018.05.08-16.28.13:772][646]LogPlayLevel: Creating play world package: /Game/ThirdPersonBP/Maps/UEDPIE_0_ThirdPersonExampleMap
[2018.05.08-16.28.13:802][646]LogPlayLevel: PIE: StaticDuplicateObject took: (0.030112s)
[2018.05.08-16.28.13:803][646]LogAIModule: Creating AISystem for world ThirdPersonExampleMap
[2018.05.08-16.28.13:803][646]LogPlayLevel: PIE: World Init took: (0.000896s)
[2018.05.08-16.28.13:803][646]LogPlayLevel: PIE: Created PIE world by copying editor world from /Game/ThirdPersonBP/Maps/ThirdPersonExampleMap.ThirdPersonExampleMap to /Game/ThirdPersonBP/Maps/UEDPIE_0_ThirdPersonExampleMap.ThirdPersonExampleMap (0.031305s)
[2018.05.08-16.28.13:825][646]LogInit: XAudio2 using 'Speakers / Headphones (Realtek High Definition Audio)' : 2 channels at 48 kHz using 32 bits per sample (channel mask 0x3)
[2018.05.08-16.28.13:836][646]LogInit: FAudioDevice initialized.
[2018.05.08-16.28.13:878][646]LogLoad: Game class is 'ThirdPersonGameMode_C'
[2018.05.08-16.28.13:881][646]LogWorld: Bringing World /Game/ThirdPersonBP/Maps/UEDPIE_0_ThirdPersonExampleMap.ThirdPersonExampleMap up for play (max tick rate 0) at 2018.05.08-12.28.13
[2018.05.08-16.28.13:883][646]LogWorld: Bringing up level for play took: 0.003515
[2018.05.08-16.28.13:887][646]PIE: Play in editor start time for /Game/ThirdPersonBP/Maps/UEDPIE_0_ThirdPersonExampleMap -0.841
[2018.05.08-16.28.13:888][646]LogBlueprintUserMessages: Late PlayInEditor Detection: Level '/Game/ThirdPersonBP/Maps/ThirdPersonExampleMap.ThirdPersonExampleMap:PersistentLevel' has LevelScriptBlueprint '/Game/ThirdPersonBP/Maps/ThirdPersonExampleMap.ThirdPersonExampleMap:PersistentLevel.ThirdPersonExampleMap' with GeneratedClass '/Game/ThirdPersonBP/Maps/ThirdPersonExampleMap.ThirdPersonExampleMap_C' with ClassGeneratedBy '/Game/ThirdPersonBP/Maps/ThirdPersonExampleMap.ThirdPersonExampleMap:PersistentLevel.ThirdPersonExampleMap'
[2018.05.08-16.28.23:630][226]LogBlueprintUserMessages: [GoToLastKnownLocation_C_0] Hello
[2018.05.08-16.28.27:634][465]LogBlueprintUserMessages: Early EndPlayMap Detection: Level '/Game/ThirdPersonBP/Maps/ThirdPersonExampleMap.ThirdPersonExampleMap:PersistentLevel' has LevelScriptBlueprint '/Game/ThirdPersonBP/Maps/ThirdPersonExampleMap.ThirdPersonExampleMap:PersistentLevel.ThirdPersonExampleMap' with GeneratedClass '/Game/ThirdPersonBP/Maps/ThirdPersonExampleMap.ThirdPersonExampleMap_C' with ClassGeneratedBy '/Game/ThirdPersonBP/Maps/ThirdPersonExampleMap.ThirdPersonExampleMap:PersistentLevel.ThirdPersonExampleMap'
[2018.05.08-16.28.27:686][465]LogBlueprintUserMessages: Late EndPlayMap Detection: Level '/Game/ThirdPersonBP/Maps/ThirdPersonExampleMap.ThirdPersonExampleMap:PersistentLevel' has LevelScriptBlueprint '/Game/ThirdPersonBP/Maps/ThirdPersonExampleMap.ThirdPersonExampleMap:PersistentLevel.ThirdPersonExampleMap' with GeneratedClass '/Game/ThirdPersonBP/Maps/ThirdPersonExampleMap.ThirdPersonExampleMap_C' with ClassGeneratedBy '/Game/ThirdPersonBP/Maps/ThirdPersonExampleMap.ThirdPersonExampleMap:PersistentLevel.ThirdPersonExampleMap'
[2018.05.08-16.28.40:849][844]BlueprintLog: New page: Compile GoToLastKnownLocation
[2018.05.08-16.30.09:899][677]LogEditorViewport: Clicking on Actor (LMB): NavMeshBoundsVolume (NavMeshBoundsVolume)
[2018.05.08-16.30.44:728][120]BlueprintLog: New page: Compile GoToLastKnownLocation
[2018.05.08-16.30.46:309][218]LogTemp: Repeating last play command: New Editor Window (PIE)
[2018.05.08-16.30.46:330][218]LogBlueprintUserMessages: Early PlayInEditor Detection: Level '/Game/ThirdPersonBP/Maps/ThirdPersonExampleMap.ThirdPersonExampleMap:PersistentLevel' has LevelScriptBlueprint '/Game/ThirdPersonBP/Maps/ThirdPersonExampleMap.ThirdPersonExampleMap:PersistentLevel.ThirdPersonExampleMap' with GeneratedClass '/Game/ThirdPersonBP/Maps/ThirdPersonExampleMap.ThirdPersonExampleMap_C' with ClassGeneratedBy '/Game/ThirdPersonBP/Maps/ThirdPersonExampleMap.ThirdPersonExampleMap:PersistentLevel.ThirdPersonExampleMap'
[2018.05.08-16.30.46:335][218]LogPlayLevel: PlayLevel: No blueprints needed recompiling
[2018.05.08-16.30.46:335][218]PIE: New page: PIE session: ThirdPersonExampleMap (May 8, 2018, 8:30:46 AM)
[2018.05.08-16.30.46:335][218]LogPlayLevel: Creating play world package: /Game/ThirdPersonBP/Maps/UEDPIE_0_ThirdPersonExampleMap
[2018.05.08-16.30.46:362][218]LogPlayLevel: PIE: StaticDuplicateObject took: (0.026449s)
[2018.05.08-16.30.46:363][218]LogAIModule: Creating AISystem for world ThirdPersonExampleMap
[2018.05.08-16.30.46:363][218]LogPlayLevel: PIE: World Init took: (0.001088s)
[2018.05.08-16.30.46:363][218]LogPlayLevel: PIE: Created PIE world by copying editor world from /Game/ThirdPersonBP/Maps/ThirdPersonExampleMap.ThirdPersonExampleMap to /Game/ThirdPersonBP/Maps/UEDPIE_0_ThirdPersonExampleMap.ThirdPersonExampleMap (0.027918s)
[2018.05.08-16.30.46:383][218]LogInit: XAudio2 using 'Speakers / Headphones (Realtek High Definition Audio)' : 2 channels at 48 kHz using 32 bits per sample (channel mask 0x3)
[2018.05.08-16.30.46:394][218]LogInit: FAudioDevice initialized.
[2018.05.08-16.30.46:434][218]LogLoad: Game class is 'ThirdPersonGameMode_C'
[2018.05.08-16.30.46:438][218]LogWorld: Bringing World /Game/ThirdPersonBP/Maps/UEDPIE_0_ThirdPersonExampleMap.ThirdPersonExampleMap up for play (max tick rate 0) at 2018.05.08-12.30.46
[2018.05.08-16.30.46:440][218]LogWorld: Bringing up level for play took: 0.004941
[2018.05.08-16.30.46:446][218]PIE: Play in editor start time for /Game/ThirdPersonBP/Maps/UEDPIE_0_ThirdPersonExampleMap -0.292
[2018.05.08-16.30.46:446][218]LogBlueprintUserMessages: Late PlayInEditor Detection: Level '/Game/ThirdPersonBP/Maps/ThirdPersonExampleMap.ThirdPersonExampleMap:PersistentLevel' has LevelScriptBlueprint '/Game/ThirdPersonBP/Maps/ThirdPersonExampleMap.ThirdPersonExampleMap:PersistentLevel.ThirdPersonExampleMap' with GeneratedClass '/Game/ThirdPersonBP/Maps/ThirdPersonExampleMap.ThirdPersonExampleMap_C' with ClassGeneratedBy '/Game/ThirdPersonBP/Maps/ThirdPersonExampleMap.ThirdPersonExampleMap:PersistentLevel.ThirdPersonExampleMap'
[2018.05.08-16.30.56:221][800]LogBlueprintUserMessages: [GoToLastKnownLocation_C_0] Hello
[2018.05.08-16.30.56:671][827]LogBlueprintUserMessages: [GoToLastKnownLocation_C_0] Hello
[2018.05.08-16.31.01:505][117]LogBlueprintUserMessages: [GoToLastKnownLocation_C_0] Hello
[2018.05.08-16.31.06:305][405]LogBlueprintUserMessages: Early EndPlayMap Detection: Level '/Game/ThirdPersonBP/Maps/ThirdPersonExampleMap.ThirdPersonExampleMap:PersistentLevel' has LevelScriptBlueprint '/Game/ThirdPersonBP/Maps/ThirdPersonExampleMap.ThirdPersonExampleMap:PersistentLevel.ThirdPersonExampleMap' with GeneratedClass '/Game/ThirdPersonBP/Maps/ThirdPersonExampleMap.ThirdPersonExampleMap_C' with ClassGeneratedBy '/Game/ThirdPersonBP/Maps/ThirdPersonExampleMap.ThirdPersonExampleMap:PersistentLevel.ThirdPersonExampleMap'
[2018.05.08-16.31.06:360][405]LogBlueprintUserMessages: Late EndPlayMap Detection: Level '/Game/ThirdPersonBP/Maps/ThirdPersonExampleMap.ThirdPersonExampleMap:PersistentLevel' has LevelScriptBlueprint '/Game/ThirdPersonBP/Maps/ThirdPersonExampleMap.ThirdPersonExampleMap:PersistentLevel.ThirdPersonExampleMap' with GeneratedClass '/Game/ThirdPersonBP/Maps/ThirdPersonExampleMap.ThirdPersonExampleMap_C' with ClassGeneratedBy '/Game/ThirdPersonBP/Maps/ThirdPersonExampleMap.ThirdPersonExampleMap:PersistentLevel.ThirdPersonExampleMap'
[2018.05.08-16.31.12:561][ 54]BlueprintLog: New page: Compile GoToLastKnownLocation
[2018.05.08-16.31.13:943][156]LogTemp: Repeating last play command: New Editor Window (PIE)
[2018.05.08-16.31.13:963][156]LogBlueprintUserMessages: Early PlayInEditor Detection: Level '/Game/ThirdPersonBP/Maps/ThirdPersonExampleMap.ThirdPersonExampleMap:PersistentLevel' has LevelScriptBlueprint '/Game/ThirdPersonBP/Maps/ThirdPersonExampleMap.ThirdPersonExampleMap:PersistentLevel.ThirdPersonExampleMap' with GeneratedClass '/Game/ThirdPersonBP/Maps/ThirdPersonExampleMap.ThirdPersonExampleMap_C' with ClassGeneratedBy '/Game/ThirdPersonBP/Maps/ThirdPersonExampleMap.ThirdPersonExampleMap:PersistentLevel.ThirdPersonExampleMap'
[2018.05.08-16.31.13:968][156]LogPlayLevel: PlayLevel: No blueprints needed recompiling
[2018.05.08-16.31.13:968][156]PIE: New page: PIE session: ThirdPersonExampleMap (May 8, 2018, 8:31:13 AM)
[2018.05.08-16.31.13:968][156]LogPlayLevel: Creating play world package: /Game/ThirdPersonBP/Maps/UEDPIE_0_ThirdPersonExampleMap
[2018.05.08-16.31.14:003][156]LogPlayLevel: PIE: StaticDuplicateObject took: (0.034751s)
[2018.05.08-16.31.14:004][156]LogAIModule: Creating AISystem for world ThirdPersonExampleMap
[2018.05.08-16.31.14:005][156]LogPlayLevel: PIE: World Init took: (0.001466s)
[2018.05.08-16.31.14:005][156]LogPlayLevel: PIE: Created PIE world by copying editor world from /Game/ThirdPersonBP/Maps/ThirdPersonExampleMap.ThirdPersonExampleMap to /Game/ThirdPersonBP/Maps/UEDPIE_0_ThirdPersonExampleMap.ThirdPersonExampleMap (0.036664s)
[2018.05.08-16.31.14:023][156]LogInit: XAudio2 using 'Speakers / Headphones (Realtek High Definition Audio)' : 2 channels at 48 kHz using 32 bits per sample (channel mask 0x3)
[2018.05.08-16.31.14:035][156]LogInit: FAudioDevice initialized.
[2018.05.08-16.31.14:076][156]LogLoad: Game class is 'ThirdPersonGameMode_C'
[2018.05.08-16.31.14:079][156]LogWorld: Bringing World /Game/ThirdPersonBP/Maps/UEDPIE_0_ThirdPersonExampleMap.ThirdPersonExampleMap up for play (max tick rate 0) at 2018.05.08-12.31.14
[2018.05.08-16.31.14:080][156]LogWorld: Bringing up level for play took: 0.003184
[2018.05.08-16.31.14:085][156]PIE: Play in editor start time for /Game/ThirdPersonBP/Maps/UEDPIE_0_ThirdPersonExampleMap -0.653
[2018.05.08-16.31.14:086][156]LogBlueprintUserMessages: Late PlayInEditor Detection: Level '/Game/ThirdPersonBP/Maps/ThirdPersonExampleMap.ThirdPersonExampleMap:PersistentLevel' has LevelScriptBlueprint '/Game/ThirdPersonBP/Maps/ThirdPersonExampleMap.ThirdPersonExampleMap:PersistentLevel.ThirdPersonExampleMap' with GeneratedClass '/Game/ThirdPersonBP/Maps/ThirdPersonExampleMap.ThirdPersonExampleMap_C' with ClassGeneratedBy '/Game/ThirdPersonBP/Maps/ThirdPersonExampleMap.ThirdPersonExampleMap:PersistentLevel.ThirdPersonExampleMap'
[2018.05.08-16.31.51:692][409]LogBlueprintUserMessages: Early EndPlayMap Detection: Level '/Game/ThirdPersonBP/Maps/ThirdPersonExampleMap.ThirdPersonExampleMap:PersistentLevel' has LevelScriptBlueprint '/Game/ThirdPersonBP/Maps/ThirdPersonExampleMap.ThirdPersonExampleMap:PersistentLevel.ThirdPersonExampleMap' with GeneratedClass '/Game/ThirdPersonBP/Maps/ThirdPersonExampleMap.ThirdPersonExampleMap_C' with ClassGeneratedBy '/Game/ThirdPersonBP/Maps/ThirdPersonExampleMap.ThirdPersonExampleMap:PersistentLevel.ThirdPersonExampleMap'
[2018.05.08-16.31.51:749][409]LogBlueprintUserMessages: Late EndPlayMap Detection: Level '/Game/ThirdPersonBP/Maps/ThirdPersonExampleMap.ThirdPersonExampleMap:PersistentLevel' has LevelScriptBlueprint '/Game/ThirdPersonBP/Maps/ThirdPersonExampleMap.ThirdPersonExampleMap:PersistentLevel.ThirdPersonExampleMap' with GeneratedClass '/Game/ThirdPersonBP/Maps/ThirdPersonExampleMap.ThirdPersonExampleMap_C' with ClassGeneratedBy '/Game/ThirdPersonBP/Maps/ThirdPersonExampleMap.ThirdPersonExampleMap:PersistentLevel.ThirdPersonExampleMap'
[2018.05.08-16.32.44:150][ 20]LogSavePackage: Save=225.71ms
[2018.05.08-16.32.44:150][ 20]LogSavePackage: Moving '../../../../../Documents/Unreal Projects/Stuff/Saved/ThirdPersonExampleMap_Auto175E55DCE4A99029330995E8A67EB5B5A.tmp' to '../../../../../Documents/Unreal Projects/Stuff/Saved/Autosaves/Game/ThirdPersonBP/Maps/ThirdPersonExampleMap_Auto1.umap'
[2018.05.08-16.32.44:151][ 20]LogSavePackage: Display: Finished SavePackage ../../../../../Documents/Unreal Projects/Stuff/Saved/Autosaves/Game/ThirdPersonBP/Maps/ThirdPersonExampleMap_Auto1.umap
[2018.05.08-16.32.44:168][ 20]LogFileHelpers: Editor autosave (incl. sublevels) for '/Game/ThirdPersonBP/Maps/ThirdPersonExampleMap' took 0.459
[2018.05.08-16.32.44:169][ 20]LogFileHelpers: Editor autosave (incl. sublevels) for all levels took 0.459
[2018.05.08-16.32.44:219][ 20]OBJ SavePackage: Generating thumbnails for [1] asset(s) in package [/Game/ThirdPersonBP/Blueprints/Goblin/Assets/Goblin_BP] ([1] browsable assets)...
[2018.05.08-16.32.44:267][ 20]OBJ SavePackage:     Rendered thumbnail for [AnimBlueprint /Game/ThirdPersonBP/Blueprints/Goblin/Assets/Goblin_BP.Goblin_BP]
[2018.05.08-16.32.44:267][ 20]OBJ SavePackage: Finished generating thumbnails for package [/Game/ThirdPersonBP/Blueprints/Goblin/Assets/Goblin_BP]
[2018.05.08-16.32.44:384][ 20]LogSavePackage: Save=102.90ms
[2018.05.08-16.32.44:384][ 20]LogSavePackage: Moving '../../../../../Documents/Unreal Projects/Stuff/Saved/Goblin_BP_Auto170B622DD48C5FB410D460A980D42F507.tmp' to '../../../../../Documents/Unreal Projects/Stuff/Saved/Autosaves/Game/ThirdPersonBP/Blueprints/Goblin/Assets/Goblin_BP_Auto1.uasset'
[2018.05.08-16.32.44:407][ 20]LogSavePackage: Display: Finished SavePackage ../../../../../Documents/Unreal Projects/Stuff/Saved/Autosaves/Game/ThirdPersonBP/Blueprints/Goblin/Assets/Goblin_BP_Auto1.uasset
[2018.05.08-16.32.44:408][ 20]OBJ SavePackage: Generating thumbnails for [0] asset(s) in package [/Game/ThirdPersonBP/Blueprints/Goblin/GoToLastKnownLocation] ([1] browsable assets)...
[2018.05.08-16.32.44:408][ 20]OBJ SavePackage: Finished generating thumbnails for package [/Game/ThirdPersonBP/Blueprints/Goblin/GoToLastKnownLocation]
[2018.05.08-16.32.44:442][ 20]LogSavePackage: Save=22.94ms
[2018.05.08-16.32.44:442][ 20]LogSavePackage: Moving '../../../../../Documents/Unreal Projects/Stuff/Saved/GoToLastKnownLocation_Auto149B9B8284A5541D30EE71CB4C1095334.tmp' to '../../../../../Documents/Unreal Projects/Stuff/Saved/Autosaves/Game/ThirdPersonBP/Blueprints/Goblin/GoToLastKnownLocation_Auto1.uasset'
[2018.05.08-16.32.44:456][ 20]LogSavePackage: Display: Finished SavePackage ../../../../../Documents/Unreal Projects/Stuff/Saved/Autosaves/Game/ThirdPersonBP/Blueprints/Goblin/GoToLastKnownLocation_Auto1.uasset
[2018.05.08-16.32.44:456][ 20]LogFileHelpers: Auto-saving content packages took 0.285
